#
# A fatal error has been detected by the Java Runtime Environment:
#
#  EXCEPTION_ACCESS_VIOLATION (0xc0000005) at pc=0x00007ff8782026c4, pid=8468, tid=22740
#
# JRE version: OpenJDK Runtime Environment (24.0.1+9) (build 24.0.1+9-30)
# Java VM: OpenJDK 64-Bit Server VM (24.0.1+9-30, mixed mode, sharing, tiered, compressed oops, compressed class ptrs, g1 gc, windows-amd64)
# Problematic frame:
# C  [libasyncProfiler.dll+0x926c4]
#
# No core dump will be written. Minidumps are not enabled by default on client versions of Windows
#
# JFR recording file will be written. Location: C:\Users\L O Q\IdeaProjects\cinemania-mantap\hs_err_pid8468.jfr
#
# If you would like to submit a bug report, please visit:
#   https://bugreport.java.com/bugreport/crash.jsp
# The crash happened outside the Java Virtual Machine in native code.
# See problematic frame for where to report the bug.
#

---------------  S U M M A R Y ------------

Command Line: -javaagent:C:\Program Files\JetBrains\IntelliJ IDEA 2025.1.1.1\lib\idea_rt.jar=64968 -agentpath:C:\Users\LOQ~1\AppData\Local\Temp\idea_libasyncProfiler_dll_temp_folder\libasyncProfiler.dll=start,jfr,event=wall,interval=10ms,jfrsync=profile,cstack=no,file=C:\Users\L O Q\IdeaSnapshots\CinemaBookingApp_2025_06_07_232956.jfr,dbghelppath=C:\Users\LOQ~1\AppData\Local\Temp\idea_dbghelp_dll_temp_folder\dbghelp.dll,log=C:\Users\LOQ~1\AppData\Local\Temp\CinemaBookingApp_2025_06_07_232956.jfr.log.txt,logLevel=DEBUG -Dfile.encoding=UTF-8 -Dsun.stdout.encoding=UTF-8 -Dsun.stderr.encoding=UTF-8 main.java.com.cinema.booking.CinemaBookingApp

Host: 13th Gen Intel(R) Core(TM) i7-13650HX, 20 cores, 11G,  Windows 11 , 64 bit Build 26100 (10.0.26100.4202)
Time: Sat Jun  7 23:29:56 2025 SE Asia Standard Time elapsed time: 0.542864 seconds (0d 0h 0m 0s)

---------------  T H R E A D  ---------------

Current thread (0x00000200594371b0):  JavaThread "main"             [_thread_in_native, id=22740, stack(0x0000001027200000,0x0000001027300000) (1024K)]

Stack: [0x0000001027200000,0x0000001027300000],  sp=0x00000010272fe610,  free space=1017k
Native frames: (J=compiled Java code, j=interpreted, Vv=VM code, C=native code)
C  [libasyncProfiler.dll+0x926c4]  (no source info available)
C  [libasyncProfiler.dll+0x92b9b]  (no source info available)
C  [libasyncProfiler.dll+0x917f4]  (no source info available)
C  [libasyncProfiler.dll+0x9206a]  (no source info available)
C  [libasyncProfiler.dll+0x8cc21]  (no source info available)
C  [libasyncProfiler.dll+0x7e5e1]  (no source info available)
C  [libasyncProfiler.dll+0x7d2f8]  (no source info available)
C  [libasyncProfiler.dll+0x7d1e0]  (no source info available)
C  [libasyncProfiler.dll+0x832fc]  (no source info available)
V  [jvm.dll+0x5e38de]  (no source info available)
V  [jvm.dll+0x886056]  (no source info available)
V  [jvm.dll+0x495f3e]  (no source info available)
V  [jvm.dll+0x497d11]  (no source info available)
C  [jli.dll+0x52a1]  (no source info available)
C  [ucrtbase.dll+0x37b0]  (no source info available)
C  [KERNEL32.DLL+0x2e8d7]  (no source info available)
C  [ntdll.dll+0x3c34c]  (no source info available)


siginfo: EXCEPTION_ACCESS_VIOLATION (0xc0000005), reading address 0xffffffffffffffff


Registers:
RAX=0x0000000000000010, RBX=0x0000000000000000, RCX=0xffffffffffffffff, RDX=0x007ff878dc300010
RSP=0x00000010272fe610, RBP=0x000002004141bfd8, RSI=0x00000010272fe780, RDI=0x000002004141bfd8
R8 =0x0000000000000042, R9 =0x0000000750201ed8, R10=0x00007ff879039fb0, R11=0x0000000000000002
R12=0x00000010272fe780, R13=0x00000200598affa0, R14=0x0000020059437578, R15=0x0000020059437578
RIP=0x00007ff8782026c4, EFLAGS=0x0000000000010202

XMM[0]=0x0000000000000000 0x0000000000000000
XMM[1]=0x0000000000000000 0x0000000000000000
XMM[2]=0x0000000000000000 0x0000000000000000
XMM[3]=0x0000000000000000 0x0000000000000000
XMM[4]=0x0000000000000000 0x0000000000000000
XMM[5]=0x0000000000000000 0x0000000000000000
XMM[6]=0x0000000000000000 0x0000000000000000
XMM[7]=0x0000000000000000 0x0000000000000000
XMM[8]=0x0000000000000000 0x0000000000000000
XMM[9]=0x0000000000000000 0x0000000000000000
XMM[10]=0x0000000000000000 0x0000000000000000
XMM[11]=0x0000000000000000 0x0000000000000000
XMM[12]=0x0000000000000000 0x0000000000000000
XMM[13]=0x0000000000000000 0x0000000000000000
XMM[14]=0x0000000000000000 0x0000000000000000
XMM[15]=0x0000000000000000 0x0000000000000000
  MXCSR=0x00001fa0


Register to memory mapping:

RAX=0x0000000000000010 is an unknown value
RBX=0x0 is null
RCX=0xffffffffffffffff is an unknown value
RDX=0x007ff878dc300010 is an unknown value
RSP=0x00000010272fe610 is pointing into the stack for thread: 0x00000200594371b0
RBP=0x000002004141bfd8 points into unknown readable memory: 0x0000000750201ed8 | d8 1e 20 50 07 00 00 00
RSI=0x00000010272fe780 is pointing into the stack for thread: 0x00000200594371b0
RDI=0x000002004141bfd8 points into unknown readable memory: 0x0000000750201ed8 | d8 1e 20 50 07 00 00 00
R8 =0x0000000000000042 is an unknown value
R9 =0x0000000750201ed8 is an oop: java.lang.Thread 
{0x0000000750201ed8} - klass: 'java/lang/Thread' - flags: 

 - ---- fields (total size 14 words):
 - 'threadLocalRandomProbe' 'I' @12  0 (0x00000000)
 - private volatile 'eetop' 'J' @16  2200520847792 (0x00000200594371b0)
 - private final 'tid' 'J' @24  3 (0x0000000000000003)
 - 'threadLocalRandomSeed' 'J' @32  0 (0x0000000000000000)
 - injected 'jvmti_thread_state' 'J' @40  2200115239648 (0x0000020041165ae0)
 - 'threadLocalRandomSecondarySeed' 'I' @48  0 (0x00000000)
 - injected 'jvmti_VTMS_transition_disable_count' 'I' @52  0 (0x00000000)
 - injected 'jfr_epoch' 'S' @56  0 (0x0000)
 - volatile 'interrupted' 'Z' @58  false (0x00)
 - injected 'jvmti_is_in_VTMS_transition' 'Z' @59  false (0x00)
 - private volatile 'name' 'Ljava/lang/String;' @60  "main"{0x0000000750201f48} (0xea0403e9)
 - private volatile 'contextClassLoader' 'Ljava/lang/ClassLoader;' @64  a 'jdk/internal/loader/ClassLoaders$AppClassLoader'{0x0000000750216480} (0xea042c90)
 - private final 'holder' 'Ljava/lang/Thread$FieldHolder;' @68  a 'java/lang/Thread$FieldHolder'{0x0000000750201f88} (0xea0403f1)
 - 'threadLocals' 'Ljava/lang/ThreadLocal$ThreadLocalMap;' @72  a 'java/lang/ThreadLocal$ThreadLocalMap'{0x000000075003e318} (0xea007c63)
 - 'inheritableThreadLocals' 'Ljava/lang/ThreadLocal$ThreadLocalMap;' @76  null (0x00000000)
 - private 'scopedValueBindings' 'Ljava/lang/Object;' @80  a 'java/lang/Class'{0x00000007ffe7c258} = 'java/lang/Thread' (0xfffcf84b)
 - final 'interruptLock' 'Ljava/lang/Object;' @84  a 'java/lang/Object'{0x0000000750201f78} (0xea0403ef)
 - private volatile 'parkBlocker' 'Ljava/lang/Object;' @88  null (0x00000000)
 - private 'nioBlocker' 'Lsun/nio/ch/Interruptible;' @92  null (0x00000000)
 - private 'cont' 'Ljdk/internal/vm/Continuation;' @96  null (0x00000000)
 - private volatile 'uncaughtExceptionHandler' 'Ljava/lang/Thread$UncaughtExceptionHandler;' @100  null (0x00000000)
 - private 'container' 'Ljdk/internal/vm/ThreadContainer;' @104  null (0x00000000)
 - private volatile 'headStackableScopes' 'Ljdk/internal/vm/StackableScope;' @108  null (0x00000000)
R10=0x00007ff879039fb0 jvm.dll
R11=0x0000000000000002 is an unknown value
R12=0x00000010272fe780 is pointing into the stack for thread: 0x00000200594371b0
R13=0x00000200598affa0 points into unknown readable memory: 0x00007ff878faa510 | 10 a5 fa 78 f8 7f 00 00
R14=0x0000020059437578 points into unknown readable memory: 0x00007ff878fa17b0 | b0 17 fa 78 f8 7f 00 00
R15=0x0000020059437578 points into unknown readable memory: 0x00007ff878fa17b0 | b0 17 fa 78 f8 7f 00 00

Top of Stack: (sp=0x00000010272fe610)
0x00000010272fe610:   00000010272fe780 000002004141bfd8   ../'......AA....
0x00000010272fe620:   0000000000000000 0000020059437900   .........yCY....
0x00000010272fe630:   000000000000001f 00007ff878202b9b   .........+ x....
0x00000010272fe640:   0000000000000000 0000020059437578   ........xuCY....
0x00000010272fe650:   00000010272fe701 0000000000000000   ../'............
0x00000010272fe660:   00000200470cf690 00007ff8782017f4   ...G...... x....
0x00000010272fe670:   0000000000000000 000000000000001f   ................
0x00000010272fe680:   0000000000000000 000000000000001f   ................
0x00000010272fe690:   0000000900000002 0000020046c64940   ........@I.F....
0x00000010272fe6a0:   00000200470cf690 00000200470cf70c   ...G.......G....
0x00000010272fe6b0:   00000200470cf738 0000000000004df4   8..G.....M......
0x00000010272fe6c0:   0000000000000000 0000000000000000   ................
0x00000010272fe6d0:   0000000000000000 00007ff8788057d4   .........W.x....
0x00000010272fe6e0:   00007ff878344ca0 0000000000002114   .L4x.....!......
0x00000010272fe6f0:   00007ff878344ca0 00000000ffffffff   .L4x............
0x00000010272fe700:   0000000000000000 00007ff87820206a   ........j  x....
0x00000010272fe710:   0000020059437578 0000000000000000   xuCY............
0x00000010272fe720:   00000010272fe789 00000200598affa0   ../'.......Y....
0x00000010272fe730:   0000020041d31040 00000200572a0000   @..A......*W....
0x00000010272fe740:   0000020041d31040 00007ff8cf55fc09   @..A......U.....
0x00000010272fe750:   0000020059437578 00007ff878344ca0   xuCY.....L4x....
0x00000010272fe760:   00007ff8782ef0d8 00007ff8782ef0c8   ...x.......x....
0x00000010272fe770:   0000000000000000 0000020059437578   ........xuCY....
0x00000010272fe780:   0000020046c4f880 0000020046c4fc60   ...F....`..F....
0x00000010272fe790:   0000020046c4fc60 00007ff878344ca0   `..F.....L4x....
0x00000010272fe7a0:   00000200598c63c8 00000010272fe918   .c.Y....../'....
0x00000010272fe7b0:   00000010272fea50 0000000000008840   P./'....@.......
0x00000010272fe7c0:   00007ff878337080 00007ff878344cf0   .p3x.....L4x....
0x00000010272fe7d0:   0000000000989680 0000000000989680   ................
0x00000010272fe7e0:   00000010272fe8f0 00007ff8781fcc21   ../'....!..x....
0x00000010272fe7f0:   00007ff878344ca0 00007ff878344cf8   .L4x.....L4x....
0x00000010272fe800:   00007ff800000000 002edbde00000001   ................

Instructions: (pc=0x00007ff8782026c4)
  0x00007ff8782025c4:   cc cc cc cc cc cc cc cc cc cc cc cc cc cc cc cc
  0x00007ff8782025d4:   cc cc cc cc cc cc cc cc cc cc cc cc cc cc cc cc
  0x00007ff8782025e4:   cc cc cc cc cc cc cc cc cc cc cc cc cc cc cc cc
  0x00007ff8782025f4:   cc cc cc cc cc cc cc cc cc cc cc cc cc cc cc cc
  0x00007ff878202604:   cc cc cc cc cc cc cc cc cc cc cc cc cc cc cc cc
  0x00007ff878202614:   cc cc cc cc cc cc cc cc cc cc cc cc cc cc cc cc
  0x00007ff878202624:   cc cc cc cc cc cc cc cc cc cc cc cc cc cc cc cc
  0x00007ff878202634:   cc cc cc cc cc cc cc cc cc cc cc cc cc cc cc cc
  0x00007ff878202644:   cc cc cc cc cc cc cc cc cc cc cc cc 40 57 48 83
  0x00007ff878202654:   ec 20 48 8b f9 48 8b 0d 10 28 14 00 48 85 c9 74
  0x00007ff878202664:   20 48 8b 01 48 8d 54 24 38 41 b8 06 00 01 00 4c
  0x00007ff878202674:   8b 48 30 41 ff d1 85 c0 75 07 48 8b 4c 24 38 eb
  0x00007ff878202684:   02 33 c9 4c 8b 05 ea 28 14 00 48 89 5c 24 30 4d
  0x00007ff878202694:   85 c0 74 4a 48 8b 01 48 8b d7 4c 8b 88 28 03 00
  0x00007ff8782026a4:   00 41 ff d1 48 85 c0 74 35 48 63 0d f8 e6 13 00
  0x00007ff8782026b4:   48 8b 14 01 48 85 d2 74 15 48 63 05 fc e6 13 00
=>0x00007ff8782026c4:   8b 04 10 48 8b 5c 24 30 48 83 c4 20 5f c3 b8 ff
  0x00007ff8782026d4:   ff ff ff 48 8b 5c 24 30 48 83 c4 20 5f c3 80 3d
  0x00007ff8782026e4:   9b 27 14 00 00 bb ff ff ff ff 74 20 4c 8b 0d 31
  0x00007ff8782026f4:   24 14 00 4c 8d 44 24 38 48 8b 0d 15 24 14 00 48
  0x00007ff878202704:   8b d7 41 ff d1 85 c0 0f 44 5c 24 38 8b c3 48 8b
  0x00007ff878202714:   5c 24 30 48 83 c4 20 5f c3 cc cc cc cc cc cc cc
  0x00007ff878202724:   cc cc cc cc cc cc cc cc cc cc cc cc cc cc cc cc
  0x00007ff878202734:   cc cc cc cc cc cc cc cc cc cc cc cc cc cc cc cc
  0x00007ff878202744:   cc cc cc cc cc cc cc cc cc cc cc cc 48 89 54 24
  0x00007ff878202754:   10 53 55 56 57 41 56 41 57 48 83 ec 28 48 8b f2
  0x00007ff878202764:   4c 8b f1 48 89 4c 24 78 45 33 ff 44 89 7c 24 68
  0x00007ff878202774:   c7 44 24 60 01 00 00 00 48 8d 4c 24 68 e8 ed 42
  0x00007ff878202784:   f7 ff 8b d8 48 8d 4c 24 60 e8 e1 42 f7 ff 8b e8
  0x00007ff878202794:   49 8b ce e8 00 fc f6 ff 48 8b f8 90 8b c3 f0 0f
  0x00007ff8782027a4:   b1 2f 74 04 f3 90 eb f4 4c 89 3e 4c 89 7e 08 4c
  0x00007ff8782027b4:   89 7e 10 49 8b 6e 08 4d 8b 76 10 49 3b ee 0f 84


Stack slot to memory mapping:

stack at sp + 0 slots: 0x00000010272fe780 is pointing into the stack for thread: 0x00000200594371b0
stack at sp + 1 slots: 0x000002004141bfd8 points into unknown readable memory: 0x0000000750201ed8 | d8 1e 20 50 07 00 00 00
stack at sp + 2 slots: 0x0 is null
stack at sp + 3 slots: 0x0000020059437900 points into unknown readable memory: 0x6e616c2e6176616a | 6a 61 76 61 2e 6c 61 6e
stack at sp + 4 slots: 0x000000000000001f is an unknown value
stack at sp + 5 slots: 0x00007ff878202b9b libasyncProfiler.dll
stack at sp + 6 slots: 0x0 is null
stack at sp + 7 slots: 0x0000020059437578 points into unknown readable memory: 0x00007ff878fa17b0 | b0 17 fa 78 f8 7f 00 00

Lock stack of current Java thread (top to bottom):


---------------  P R O C E S S  ---------------

Threads class SMR info:
_java_thread_list=0x0000020046c80330, length=20, elements={
0x00000200594371b0, 0x00000200595cf5d0, 0x00000200595d3d20, 0x00000200595d6840,
0x00000200595d70b0, 0x00000200595d8170, 0x00000200595dc9f0, 0x00000200595dd830,
0x000002004110abd0, 0x0000020041108600, 0x0000020041109cb0, 0x000002004110a440,
0x000002004110b360, 0x00000200413dcc80, 0x0000020041418f70, 0x000002004144dbb0,
0x00000200417db4b0, 0x000002004144cc90, 0x000002004144bd70, 0x00000200470b3580
}

Java Threads: ( => current thread )
=>0x00000200594371b0 JavaThread "main"                              [_thread_in_native, id=22740, stack(0x0000001027200000,0x0000001027300000) (1024K)]
  0x00000200595cf5d0 JavaThread "Reference Handler"          daemon [_thread_blocked, id=36048, stack(0x0000001027a00000,0x0000001027b00000) (1024K)]
  0x00000200595d3d20 JavaThread "Finalizer"                  daemon [_thread_blocked, id=36176, stack(0x0000001027b00000,0x0000001027c00000) (1024K)]
  0x00000200595d6840 JavaThread "Signal Dispatcher"          daemon [_thread_blocked, id=33404, stack(0x0000001027c00000,0x0000001027d00000) (1024K)]
  0x00000200595d70b0 JavaThread "Attach Listener"            daemon [_thread_blocked, id=18880, stack(0x0000001027d00000,0x0000001027e00000) (1024K)]
  0x00000200595d8170 JavaThread "Service Thread"             daemon [_thread_blocked, id=20652, stack(0x0000001027e00000,0x0000001027f00000) (1024K)]
  0x00000200595dc9f0 JavaThread "Monitor Deflation Thread"   daemon [_thread_blocked, id=9844, stack(0x0000001027f00000,0x0000001028000000) (1024K)]
  0x00000200595dd830 JavaThread "C2 CompilerThread0"         daemon [_thread_blocked, id=30676, stack(0x0000001028000000,0x0000001028100000) (1024K)]
  0x000002004110abd0 JavaThread "C1 CompilerThread0"         daemon [_thread_blocked, id=18976, stack(0x0000001028100000,0x0000001028200000) (1024K)]
  0x0000020041108600 JavaThread "C1 CompilerThread1"         daemon [_thread_blocked, id=23448, stack(0x0000001028200000,0x0000001028300000) (1024K)]
  0x0000020041109cb0 JavaThread "C1 CompilerThread2"         daemon [_thread_blocked, id=11092, stack(0x0000001028300000,0x0000001028400000) (1024K)]
  0x000002004110a440 JavaThread "C1 CompilerThread3"         daemon [_thread_blocked, id=16724, stack(0x0000001028400000,0x0000001028500000) (1024K)]
  0x000002004110b360 JavaThread "C2 CompilerThread1"         daemon [_thread_in_native, id=28244, stack(0x0000001028500000,0x0000001028600000) (1024K)]
  0x00000200413dcc80 JavaThread "Common-Cleaner"             daemon [_thread_blocked, id=11112, stack(0x0000001028600000,0x0000001028700000) (1024K)]
  0x0000020041418f70 JavaThread "Monitor Ctrl-Break"         daemon [_thread_in_native, id=8112, stack(0x0000001028700000,0x0000001028800000) (1024K)]
  0x000002004144dbb0 JavaThread "C2 CompilerThread2"         daemon [_thread_blocked, id=25184, stack(0x0000001028800000,0x0000001028900000) (1024K)]
  0x00000200417db4b0 JavaThread "JFR Recorder Thread"        daemon [_thread_in_native, id=28592, stack(0x0000001028900000,0x0000001028a00000) (1024K)]
  0x000002004144cc90 JavaThread "C2 CompilerThread3"         daemon [_thread_blocked, id=20496, stack(0x0000001028a00000,0x0000001028b00000) (1024K)]
  0x000002004144bd70 JavaThread "C2 CompilerThread4"         daemon [_thread_blocked, id=33932, stack(0x0000001028b00000,0x0000001028c00000) (1024K)]
  0x00000200470b3580 JavaThread "JFR Periodic Tasks"         daemon [_thread_blocked, id=19956, stack(0x0000001028c00000,0x0000001028d00000) (1024K)]
Total: 20

Other Threads:
  0x00000200595689b0 VMThread "VM Thread"                           [id=25980, stack(0x0000001027900000,0x0000001027a00000) (1024K)]
  0x00000200595b2bf0 WatcherThread "VM Periodic Task Thread"        [id=4076, stack(0x0000001027800000,0x0000001027900000) (1024K)]
  0x000002005948e990 WorkerThread "GC Thread#0"                     [id=14196, stack(0x0000001027300000,0x0000001027400000) (1024K)]
  0x000002005949e440 ConcurrentGCThread "G1 Main Marker"            [id=34168, stack(0x0000001027400000,0x0000001027500000) (1024K)]
  0x000002005949eff0 WorkerThread "G1 Conc#0"                       [id=13620, stack(0x0000001027500000,0x0000001027600000) (1024K)]
  0x000002005955c320 ConcurrentGCThread "G1 Refine#0"               [id=25332, stack(0x0000001027600000,0x0000001027700000) (1024K)]
  0x00000200595609d0 ConcurrentGCThread "G1 Service"                [id=31904, stack(0x0000001027700000,0x0000001027800000) (1024K)]
Total: 7

Threads with active compile tasks:
C2 CompilerThread1  608 1288       4       jdk.jfr.internal.MetadataWriter::write (168 bytes)
Total: 1

VM state: not at safepoint (normal execution)

VM Mutex/Monitor currently owned by a thread: None

Heap address: 0x0000000744800000, size: 3000 MB, Compressed Oops mode: Zero based, Oop shift amount: 3

CDS archive(s) mapped at: [0x0000020000000000-0x0000020000d40000-0x0000020000d40000), size 13893632, SharedBaseAddress: 0x0000020000000000, ArchiveRelocationMode: 1.
Compressed class space mapped at: 0x0000020001000000-0x0000020041000000, reserved size: 1073741824
UseCompressedClassPointers 1, UseCompactObjectHeaders 0
Narrow klass pointer bits 32, Max shift 3
Narrow klass base: 0x0000020000000000, Narrow klass shift: 0
Encoding Range: [0x0000020000000000 - 0x0000020100000000), (4294967296 bytes)
Klass Range:    [0x0000020000000000 - 0x0000020041000000), (1090519040 bytes)
Klass ID Range:  [8 - 1090519033) (1090519025)

GC Precious Log:
 CardTable entry size: 512
 Card Set container configuration: InlinePtr #cards 4 size 8 Array Of Cards #cards 16 size 48 Howl #buckets 8 coarsen threshold 3686 Howl Bitmap #cards 512 size 80 coarsen threshold 460 Card regions per heap region 1 cards per card region 4096
 CPUs: 20 total, 20 available
 Memory: 11995M
 Large Page Support: Disabled
 NUMA Support: Disabled
 Compressed Oops: Enabled (Zero based)
 Heap Region Size: 2M
 Heap Min Capacity: 8M
 Heap Initial Capacity: 188M
 Heap Max Capacity: 3000M
 Pre-touch: Disabled
 Parallel Workers: 15
 Concurrent Workers: 4
 Concurrent Refinement Workers: 15
 Periodic GC: Disabled

Heap:
 garbage-first heap   total reserved 3072000K, committed 194560K, used 17520K [0x0000000744800000, 0x0000000800000000)
  region size 2048K, 10 young (20480K), 0 survivors (0K)
 Metaspace       used 3493K, committed 3712K, reserved 1114112K
  class space    used 302K, committed 384K, reserved 1048576K

Heap Regions: E=young(eden), S=young(survivor), O=old, HS=humongous(starts), HC=humongous(continues), CS=collection set, F=free, TAMS=top-at-mark-start, PB=parsable bottom
|   0|0x0000000744800000, 0x0000000744800000, 0x0000000744a00000|  0%| F|  |TAMS 0x0000000744800000| PB 0x0000000744800000| Untracked |  0
|   1|0x0000000744a00000, 0x0000000744a00000, 0x0000000744c00000|  0%| F|  |TAMS 0x0000000744a00000| PB 0x0000000744a00000| Untracked |  0
|   2|0x0000000744c00000, 0x0000000744c00000, 0x0000000744e00000|  0%| F|  |TAMS 0x0000000744c00000| PB 0x0000000744c00000| Untracked |  0
|   3|0x0000000744e00000, 0x0000000744e00000, 0x0000000745000000|  0%| F|  |TAMS 0x0000000744e00000| PB 0x0000000744e00000| Untracked |  0
|   4|0x0000000745000000, 0x0000000745000000, 0x0000000745200000|  0%| F|  |TAMS 0x0000000745000000| PB 0x0000000745000000| Untracked |  0
|   5|0x0000000745200000, 0x0000000745200000, 0x0000000745400000|  0%| F|  |TAMS 0x0000000745200000| PB 0x0000000745200000| Untracked |  0
|   6|0x0000000745400000, 0x0000000745400000, 0x0000000745600000|  0%| F|  |TAMS 0x0000000745400000| PB 0x0000000745400000| Untracked |  0
|   7|0x0000000745600000, 0x0000000745600000, 0x0000000745800000|  0%| F|  |TAMS 0x0000000745600000| PB 0x0000000745600000| Untracked |  0
|   8|0x0000000745800000, 0x0000000745800000, 0x0000000745a00000|  0%| F|  |TAMS 0x0000000745800000| PB 0x0000000745800000| Untracked |  0
|   9|0x0000000745a00000, 0x0000000745a00000, 0x0000000745c00000|  0%| F|  |TAMS 0x0000000745a00000| PB 0x0000000745a00000| Untracked |  0
|  10|0x0000000745c00000, 0x0000000745c00000, 0x0000000745e00000|  0%| F|  |TAMS 0x0000000745c00000| PB 0x0000000745c00000| Untracked |  0
|  11|0x0000000745e00000, 0x0000000745e00000, 0x0000000746000000|  0%| F|  |TAMS 0x0000000745e00000| PB 0x0000000745e00000| Untracked |  0
|  12|0x0000000746000000, 0x0000000746000000, 0x0000000746200000|  0%| F|  |TAMS 0x0000000746000000| PB 0x0000000746000000| Untracked |  0
|  13|0x0000000746200000, 0x0000000746200000, 0x0000000746400000|  0%| F|  |TAMS 0x0000000746200000| PB 0x0000000746200000| Untracked |  0
|  14|0x0000000746400000, 0x0000000746400000, 0x0000000746600000|  0%| F|  |TAMS 0x0000000746400000| PB 0x0000000746400000| Untracked |  0
|  15|0x0000000746600000, 0x0000000746600000, 0x0000000746800000|  0%| F|  |TAMS 0x0000000746600000| PB 0x0000000746600000| Untracked |  0
|  16|0x0000000746800000, 0x0000000746800000, 0x0000000746a00000|  0%| F|  |TAMS 0x0000000746800000| PB 0x0000000746800000| Untracked |  0
|  17|0x0000000746a00000, 0x0000000746a00000, 0x0000000746c00000|  0%| F|  |TAMS 0x0000000746a00000| PB 0x0000000746a00000| Untracked |  0
|  18|0x0000000746c00000, 0x0000000746c00000, 0x0000000746e00000|  0%| F|  |TAMS 0x0000000746c00000| PB 0x0000000746c00000| Untracked |  0
|  19|0x0000000746e00000, 0x0000000746e00000, 0x0000000747000000|  0%| F|  |TAMS 0x0000000746e00000| PB 0x0000000746e00000| Untracked |  0
|  20|0x0000000747000000, 0x0000000747000000, 0x0000000747200000|  0%| F|  |TAMS 0x0000000747000000| PB 0x0000000747000000| Untracked |  0
|  21|0x0000000747200000, 0x0000000747200000, 0x0000000747400000|  0%| F|  |TAMS 0x0000000747200000| PB 0x0000000747200000| Untracked |  0
|  22|0x0000000747400000, 0x0000000747400000, 0x0000000747600000|  0%| F|  |TAMS 0x0000000747400000| PB 0x0000000747400000| Untracked |  0
|  23|0x0000000747600000, 0x0000000747600000, 0x0000000747800000|  0%| F|  |TAMS 0x0000000747600000| PB 0x0000000747600000| Untracked |  0
|  24|0x0000000747800000, 0x0000000747800000, 0x0000000747a00000|  0%| F|  |TAMS 0x0000000747800000| PB 0x0000000747800000| Untracked |  0
|  25|0x0000000747a00000, 0x0000000747a00000, 0x0000000747c00000|  0%| F|  |TAMS 0x0000000747a00000| PB 0x0000000747a00000| Untracked |  0
|  26|0x0000000747c00000, 0x0000000747c00000, 0x0000000747e00000|  0%| F|  |TAMS 0x0000000747c00000| PB 0x0000000747c00000| Untracked |  0
|  27|0x0000000747e00000, 0x0000000747e00000, 0x0000000748000000|  0%| F|  |TAMS 0x0000000747e00000| PB 0x0000000747e00000| Untracked |  0
|  28|0x0000000748000000, 0x0000000748000000, 0x0000000748200000|  0%| F|  |TAMS 0x0000000748000000| PB 0x0000000748000000| Untracked |  0
|  29|0x0000000748200000, 0x0000000748200000, 0x0000000748400000|  0%| F|  |TAMS 0x0000000748200000| PB 0x0000000748200000| Untracked |  0
|  30|0x0000000748400000, 0x0000000748400000, 0x0000000748600000|  0%| F|  |TAMS 0x0000000748400000| PB 0x0000000748400000| Untracked |  0
|  31|0x0000000748600000, 0x0000000748600000, 0x0000000748800000|  0%| F|  |TAMS 0x0000000748600000| PB 0x0000000748600000| Untracked |  0
|  32|0x0000000748800000, 0x0000000748800000, 0x0000000748a00000|  0%| F|  |TAMS 0x0000000748800000| PB 0x0000000748800000| Untracked |  0
|  33|0x0000000748a00000, 0x0000000748a00000, 0x0000000748c00000|  0%| F|  |TAMS 0x0000000748a00000| PB 0x0000000748a00000| Untracked |  0
|  34|0x0000000748c00000, 0x0000000748c00000, 0x0000000748e00000|  0%| F|  |TAMS 0x0000000748c00000| PB 0x0000000748c00000| Untracked |  0
|  35|0x0000000748e00000, 0x0000000748e00000, 0x0000000749000000|  0%| F|  |TAMS 0x0000000748e00000| PB 0x0000000748e00000| Untracked |  0
|  36|0x0000000749000000, 0x0000000749000000, 0x0000000749200000|  0%| F|  |TAMS 0x0000000749000000| PB 0x0000000749000000| Untracked |  0
|  37|0x0000000749200000, 0x0000000749200000, 0x0000000749400000|  0%| F|  |TAMS 0x0000000749200000| PB 0x0000000749200000| Untracked |  0
|  38|0x0000000749400000, 0x0000000749400000, 0x0000000749600000|  0%| F|  |TAMS 0x0000000749400000| PB 0x0000000749400000| Untracked |  0
|  39|0x0000000749600000, 0x0000000749600000, 0x0000000749800000|  0%| F|  |TAMS 0x0000000749600000| PB 0x0000000749600000| Untracked |  0
|  40|0x0000000749800000, 0x0000000749800000, 0x0000000749a00000|  0%| F|  |TAMS 0x0000000749800000| PB 0x0000000749800000| Untracked |  0
|  41|0x0000000749a00000, 0x0000000749a00000, 0x0000000749c00000|  0%| F|  |TAMS 0x0000000749a00000| PB 0x0000000749a00000| Untracked |  0
|  42|0x0000000749c00000, 0x0000000749c00000, 0x0000000749e00000|  0%| F|  |TAMS 0x0000000749c00000| PB 0x0000000749c00000| Untracked |  0
|  43|0x0000000749e00000, 0x0000000749e00000, 0x000000074a000000|  0%| F|  |TAMS 0x0000000749e00000| PB 0x0000000749e00000| Untracked |  0
|  44|0x000000074a000000, 0x000000074a000000, 0x000000074a200000|  0%| F|  |TAMS 0x000000074a000000| PB 0x000000074a000000| Untracked |  0
|  45|0x000000074a200000, 0x000000074a200000, 0x000000074a400000|  0%| F|  |TAMS 0x000000074a200000| PB 0x000000074a200000| Untracked |  0
|  46|0x000000074a400000, 0x000000074a400000, 0x000000074a600000|  0%| F|  |TAMS 0x000000074a400000| PB 0x000000074a400000| Untracked |  0
|  47|0x000000074a600000, 0x000000074a600000, 0x000000074a800000|  0%| F|  |TAMS 0x000000074a600000| PB 0x000000074a600000| Untracked |  0
|  48|0x000000074a800000, 0x000000074a800000, 0x000000074aa00000|  0%| F|  |TAMS 0x000000074a800000| PB 0x000000074a800000| Untracked |  0
|  49|0x000000074aa00000, 0x000000074aa00000, 0x000000074ac00000|  0%| F|  |TAMS 0x000000074aa00000| PB 0x000000074aa00000| Untracked |  0
|  50|0x000000074ac00000, 0x000000074ac00000, 0x000000074ae00000|  0%| F|  |TAMS 0x000000074ac00000| PB 0x000000074ac00000| Untracked |  0
|  51|0x000000074ae00000, 0x000000074ae00000, 0x000000074b000000|  0%| F|  |TAMS 0x000000074ae00000| PB 0x000000074ae00000| Untracked |  0
|  52|0x000000074b000000, 0x000000074b000000, 0x000000074b200000|  0%| F|  |TAMS 0x000000074b000000| PB 0x000000074b000000| Untracked |  0
|  53|0x000000074b200000, 0x000000074b200000, 0x000000074b400000|  0%| F|  |TAMS 0x000000074b200000| PB 0x000000074b200000| Untracked |  0
|  54|0x000000074b400000, 0x000000074b400000, 0x000000074b600000|  0%| F|  |TAMS 0x000000074b400000| PB 0x000000074b400000| Untracked |  0
|  55|0x000000074b600000, 0x000000074b600000, 0x000000074b800000|  0%| F|  |TAMS 0x000000074b600000| PB 0x000000074b600000| Untracked |  0
|  56|0x000000074b800000, 0x000000074b800000, 0x000000074ba00000|  0%| F|  |TAMS 0x000000074b800000| PB 0x000000074b800000| Untracked |  0
|  57|0x000000074ba00000, 0x000000074ba00000, 0x000000074bc00000|  0%| F|  |TAMS 0x000000074ba00000| PB 0x000000074ba00000| Untracked |  0
|  58|0x000000074bc00000, 0x000000074bc00000, 0x000000074be00000|  0%| F|  |TAMS 0x000000074bc00000| PB 0x000000074bc00000| Untracked |  0
|  59|0x000000074be00000, 0x000000074be00000, 0x000000074c000000|  0%| F|  |TAMS 0x000000074be00000| PB 0x000000074be00000| Untracked |  0
|  60|0x000000074c000000, 0x000000074c000000, 0x000000074c200000|  0%| F|  |TAMS 0x000000074c000000| PB 0x000000074c000000| Untracked |  0
|  61|0x000000074c200000, 0x000000074c200000, 0x000000074c400000|  0%| F|  |TAMS 0x000000074c200000| PB 0x000000074c200000| Untracked |  0
|  62|0x000000074c400000, 0x000000074c400000, 0x000000074c600000|  0%| F|  |TAMS 0x000000074c400000| PB 0x000000074c400000| Untracked |  0
|  63|0x000000074c600000, 0x000000074c600000, 0x000000074c800000|  0%| F|  |TAMS 0x000000074c600000| PB 0x000000074c600000| Untracked |  0
|  64|0x000000074c800000, 0x000000074c800000, 0x000000074ca00000|  0%| F|  |TAMS 0x000000074c800000| PB 0x000000074c800000| Untracked |  0
|  65|0x000000074ca00000, 0x000000074ca00000, 0x000000074cc00000|  0%| F|  |TAMS 0x000000074ca00000| PB 0x000000074ca00000| Untracked |  0
|  66|0x000000074cc00000, 0x000000074cc00000, 0x000000074ce00000|  0%| F|  |TAMS 0x000000074cc00000| PB 0x000000074cc00000| Untracked |  0
|  67|0x000000074ce00000, 0x000000074ce00000, 0x000000074d000000|  0%| F|  |TAMS 0x000000074ce00000| PB 0x000000074ce00000| Untracked |  0
|  68|0x000000074d000000, 0x000000074d000000, 0x000000074d200000|  0%| F|  |TAMS 0x000000074d000000| PB 0x000000074d000000| Untracked |  0
|  69|0x000000074d200000, 0x000000074d200000, 0x000000074d400000|  0%| F|  |TAMS 0x000000074d200000| PB 0x000000074d200000| Untracked |  0
|  70|0x000000074d400000, 0x000000074d400000, 0x000000074d600000|  0%| F|  |TAMS 0x000000074d400000| PB 0x000000074d400000| Untracked |  0
|  71|0x000000074d600000, 0x000000074d600000, 0x000000074d800000|  0%| F|  |TAMS 0x000000074d600000| PB 0x000000074d600000| Untracked |  0
|  72|0x000000074d800000, 0x000000074d800000, 0x000000074da00000|  0%| F|  |TAMS 0x000000074d800000| PB 0x000000074d800000| Untracked |  0
|  73|0x000000074da00000, 0x000000074da00000, 0x000000074dc00000|  0%| F|  |TAMS 0x000000074da00000| PB 0x000000074da00000| Untracked |  0
|  74|0x000000074dc00000, 0x000000074dc00000, 0x000000074de00000|  0%| F|  |TAMS 0x000000074dc00000| PB 0x000000074dc00000| Untracked |  0
|  75|0x000000074de00000, 0x000000074de00000, 0x000000074e000000|  0%| F|  |TAMS 0x000000074de00000| PB 0x000000074de00000| Untracked |  0
|  76|0x000000074e000000, 0x000000074e000000, 0x000000074e200000|  0%| F|  |TAMS 0x000000074e000000| PB 0x000000074e000000| Untracked |  0
|  77|0x000000074e200000, 0x000000074e200000, 0x000000074e400000|  0%| F|  |TAMS 0x000000074e200000| PB 0x000000074e200000| Untracked |  0
|  78|0x000000074e400000, 0x000000074e400000, 0x000000074e600000|  0%| F|  |TAMS 0x000000074e400000| PB 0x000000074e400000| Untracked |  0
|  79|0x000000074e600000, 0x000000074e600000, 0x000000074e800000|  0%| F|  |TAMS 0x000000074e600000| PB 0x000000074e600000| Untracked |  0
|  80|0x000000074e800000, 0x000000074e800000, 0x000000074ea00000|  0%| F|  |TAMS 0x000000074e800000| PB 0x000000074e800000| Untracked |  0
|  81|0x000000074ea00000, 0x000000074ea00000, 0x000000074ec00000|  0%| F|  |TAMS 0x000000074ea00000| PB 0x000000074ea00000| Untracked |  0
|  82|0x000000074ec00000, 0x000000074ec00000, 0x000000074ee00000|  0%| F|  |TAMS 0x000000074ec00000| PB 0x000000074ec00000| Untracked |  0
|  83|0x000000074ee00000, 0x000000074ee00000, 0x000000074f000000|  0%| F|  |TAMS 0x000000074ee00000| PB 0x000000074ee00000| Untracked |  0
|  84|0x000000074f000000, 0x000000074f1eb888, 0x000000074f200000| 96%| E|  |TAMS 0x000000074f000000| PB 0x000000074f000000| Complete |  0
|  85|0x000000074f200000, 0x000000074f400000, 0x000000074f400000|100%| E|CS|TAMS 0x000000074f200000| PB 0x000000074f200000| Complete |  0
|  86|0x000000074f400000, 0x000000074f600000, 0x000000074f600000|100%| E|CS|TAMS 0x000000074f400000| PB 0x000000074f400000| Complete |  0
|  87|0x000000074f600000, 0x000000074f800000, 0x000000074f800000|100%| E|CS|TAMS 0x000000074f600000| PB 0x000000074f600000| Complete |  0
|  88|0x000000074f800000, 0x000000074fa00000, 0x000000074fa00000|100%| E|CS|TAMS 0x000000074f800000| PB 0x000000074f800000| Complete |  0
|  89|0x000000074fa00000, 0x000000074fc00000, 0x000000074fc00000|100%| E|  |TAMS 0x000000074fa00000| PB 0x000000074fa00000| Complete |  0
|  90|0x000000074fc00000, 0x000000074fe00000, 0x000000074fe00000|100%| E|CS|TAMS 0x000000074fc00000| PB 0x000000074fc00000| Complete |  0
|  91|0x000000074fe00000, 0x0000000750000000, 0x0000000750000000|100%| E|CS|TAMS 0x000000074fe00000| PB 0x000000074fe00000| Complete |  0
|  92|0x0000000750000000, 0x0000000750200000, 0x0000000750200000|100%| E|CS|TAMS 0x0000000750000000| PB 0x0000000750000000| Complete |  0
|  93|0x0000000750200000, 0x0000000750400000, 0x0000000750400000|100%| E|CS|TAMS 0x0000000750200000| PB 0x0000000750200000| Complete |  0
|1499|0x00000007ffe00000, 0x00000007fff1c288, 0x0000000800000000| 55%| O|  |TAMS 0x00000007ffe00000| PB 0x00000007ffe00000| Untracked |  0

Card table byte_map: [0x0000020072f20000,0x0000020073500000] _byte_map_base: 0x000002006f4fc000

Marking Bits: (CMBitMap*) 0x000002005948f0a0
 Bits: [0x0000020073500000, 0x00000200763e0000)

Polling page: 0x0000020057680000

Metaspace:

Usage:
  Non-class:      3.12 MB used.
      Class:    302.17 KB used.
       Both:      3.41 MB used.

Virtual space:
  Non-class space:       64.00 MB reserved,       3.25 MB (  5%) committed,  1 nodes.
      Class space:        1.00 GB reserved,     384.00 KB ( <1%) committed,  1 nodes.
             Both:        1.06 GB reserved,       3.62 MB ( <1%) committed. 

Chunk freelists:
   Non-Class:  11.93 MB
       Class:  15.59 MB
        Both:  27.51 MB

MaxMetaspaceSize: unlimited
CompressedClassSpaceSize: 1.00 GB
Initial GC threshold: 21.00 MB
Current GC threshold: 21.00 MB
CDS: on
 - commit_granule_bytes: 65536.
 - commit_granule_words: 8192.
 - virtual_space_node_default_size: 8388608.
 - enlarge_chunks_in_place: 1.
UseCompressedClassPointers 1, UseCompactObjectHeaders 0
Narrow klass pointer bits 32, Max shift 3
Narrow klass base: 0x0000020000000000, Narrow klass shift: 0
Encoding Range: [0x0000020000000000 - 0x0000020100000000), (4294967296 bytes)
Klass Range:    [0x0000020000000000 - 0x0000020041000000), (1090519040 bytes)
Klass ID Range:  [8 - 1090519033) (1090519025)


Internal statistics:

num_allocs_failed_limit: 0.
num_arena_births: 68.
num_arena_deaths: 0.
num_vsnodes_births: 2.
num_vsnodes_deaths: 0.
num_space_committed: 58.
num_space_uncommitted: 0.
num_chunks_returned_to_freelist: 0.
num_chunks_taken_from_freelist: 73.
num_chunk_merges: 0.
num_chunk_splits: 52.
num_chunks_enlarged: 33.
num_inconsistent_stats: 0.

CodeHeap 'non-profiled nmethods': size=119232Kb used=384Kb max_used=384Kb free=118847Kb
 bounds [0x000002006a4e0000, 0x000002006a750000, 0x0000020071950000]
CodeHeap 'profiled nmethods': size=119104Kb used=1939Kb max_used=1939Kb free=117164Kb
 bounds [0x0000020062950000, 0x0000020062bc0000, 0x0000020069da0000]
CodeHeap 'non-nmethods': size=7424Kb used=2964Kb max_used=3007Kb free=4459Kb
 bounds [0x0000020069da0000, 0x000002006a0a0000, 0x000002006a4e0000]
CodeCache: size=245760Kb, used=5287Kb, max_used=5330Kb, free=240470Kb
 total_blobs=1762, nmethods=1317, adapters=347, full_count=0
Compilation: enabled, stopped_count=0, restarted_count=0

Compilation events (20 events):
Event: 0.485 Thread 0x000002004110abd0 nmethod 1311 0x000002006a53a208 code [0x000002006a53a300, 0x000002006a53a3c8]
Event: 0.485 Thread 0x0000020041109cb0 1312       1       jdk.jfr.internal.EventControl::getNamedControls (5 bytes)
Event: 0.485 Thread 0x000002004110abd0 1310       1       jdk.jfr.internal.EventControl::getEventType (5 bytes)
Event: 0.485 Thread 0x000002004110abd0 nmethod 1310 0x000002006a53a508 code [0x000002006a53a600, 0x000002006a53a6c8]
Event: 0.485 Thread 0x0000020041109cb0 nmethod 1312 0x000002006a53a808 code [0x000002006a53a900, 0x000002006a53a9c8]
Event: 0.486 Thread 0x00000200595dd830 nmethod 1287 0x000002006a53ab08 code [0x000002006a53ac80, 0x000002006a53b460]
Event: 0.486 Thread 0x00000200595dd830 1314       4       java.util.HashMap$HashIterator::nextNode (100 bytes)
Event: 0.486 Thread 0x000002004110a440 nmethod 1316 0x0000020062b32e08 code [0x0000020062b330a0, 0x0000020062b34520]
Event: 0.487 Thread 0x000002004110a440 1317       1       jdk.jfr.internal.periodic.EventTask::getEventType (5 bytes)
Event: 0.487 Thread 0x000002004110a440 nmethod 1317 0x000002006a53b508 code [0x000002006a53b600, 0x000002006a53b6c8]
Event: 0.487 Thread 0x000002004110a440 1318       1       jdk.jfr.internal.periodic.PeriodicTask::getPeriod (5 bytes)
Event: 0.487 Thread 0x0000020041109cb0 1319       3       java.util.Comparator$$Lambda/0x0000020001073810::compare (10 bytes)
Event: 0.487 Thread 0x000002004110a440 nmethod 1318 0x000002006a53b808 code [0x000002006a53b900, 0x000002006a53b9c8]
Event: 0.487 Thread 0x0000020041109cb0 nmethod 1319 0x0000020062b34608 code [0x0000020062b34760, 0x0000020062b34bf0]
Event: 0.488 Thread 0x00000200595dd830 nmethod 1314 0x000002006a53bb08 code [0x000002006a53bc20, 0x000002006a53c228]
Event: 0.488 Thread 0x00000200595dd830 1255       4       java.util.Collections$UnmodifiableCollection$1::next (10 bytes)
Event: 0.489 Thread 0x000002004144bd70 nmethod 1283 0x000002006a53c288 code [0x000002006a53c500, 0x000002006a53e438]
Event: 0.490 Thread 0x00000200595dd830 nmethod 1255 0x000002006a53e508 code [0x000002006a53e620, 0x000002006a53e810]
Event: 0.494 Thread 0x000002004144cc90 nmethod 1300 0x000002006a53e888 code [0x000002006a53e9a0, 0x000002006a53ef18]
Event: 0.494 Thread 0x000002004144dbb0 nmethod 1267 0x000002006a53ef88 code [0x000002006a53f1e0, 0x000002006a540128]

GC Heap History (0 events):
No events

Dll operation events (9 events):
Event: 0.179 Loaded shared library C:\Users\L O Q\.jdks\openjdk-24.0.1\bin\java.dll
Event: 0.201 Loaded shared library C:\Users\L O Q\.jdks\openjdk-24.0.1\bin\jsvml.dll
Event: 0.225 Loaded shared library C:\Users\L O Q\.jdks\openjdk-24.0.1\bin\zip.dll
Event: 0.227 Loaded shared library C:\Users\L O Q\.jdks\openjdk-24.0.1\bin\instrument.dll
Event: 0.231 Loaded shared library C:\Users\L O Q\.jdks\openjdk-24.0.1\bin\net.dll
Event: 0.232 Loaded shared library C:\Users\L O Q\.jdks\openjdk-24.0.1\bin\nio.dll
Event: 0.235 Loaded shared library C:\Users\L O Q\.jdks\openjdk-24.0.1\bin\zip.dll
Event: 0.251 Loaded shared library C:\Users\L O Q\.jdks\openjdk-24.0.1\bin\extnet.dll
Event: 0.287 Loaded shared library C:\Users\L O Q\.jdks\openjdk-24.0.1\bin\jimage.dll

Deoptimization events (20 events):
Event: 0.454 Thread 0x00000200594371b0 Uncommon trap: trap_request=0xffffffd6 fr.pc=0x000002006a530120 relative=0x00000000000006c0
Event: 0.454 Thread 0x00000200594371b0 Uncommon trap: reason=array_check action=maybe_recompile pc=0x000002006a530120 method=jdk.internal.classfile.impl.SplitConstantPool.internalAdd(Ljava/lang/classfile/constantpool/PoolEntry;I)Ljava/lang/classfile/constantpool/PoolEntry; @ 46 c2
Event: 0.454 Thread 0x00000200594371b0 DEOPT PACKING pc=0x000002006a530120 sp=0x00000010272fcfd0
Event: 0.454 Thread 0x00000200594371b0 DEOPT UNPACKING pc=0x0000020069eb8602 sp=0x00000010272fcf80 mode 2
Event: 0.455 Thread 0x00000200594371b0 Uncommon trap: trap_request=0xffffffd6 fr.pc=0x000002006a530120 relative=0x00000000000006c0
Event: 0.455 Thread 0x00000200594371b0 Uncommon trap: reason=array_check action=maybe_recompile pc=0x000002006a530120 method=jdk.internal.classfile.impl.SplitConstantPool.internalAdd(Ljava/lang/classfile/constantpool/PoolEntry;I)Ljava/lang/classfile/constantpool/PoolEntry; @ 46 c2
Event: 0.455 Thread 0x00000200594371b0 DEOPT PACKING pc=0x000002006a530120 sp=0x00000010272fcfd0
Event: 0.455 Thread 0x00000200594371b0 DEOPT UNPACKING pc=0x0000020069eb8602 sp=0x00000010272fcf80 mode 2
Event: 0.455 Thread 0x00000200594371b0 Uncommon trap: trap_request=0xffffffd6 fr.pc=0x000002006a530120 relative=0x00000000000006c0
Event: 0.455 Thread 0x00000200594371b0 Uncommon trap: reason=array_check action=maybe_recompile pc=0x000002006a530120 method=jdk.internal.classfile.impl.SplitConstantPool.internalAdd(Ljava/lang/classfile/constantpool/PoolEntry;I)Ljava/lang/classfile/constantpool/PoolEntry; @ 46 c2
Event: 0.455 Thread 0x00000200594371b0 DEOPT PACKING pc=0x000002006a530120 sp=0x00000010272fce40
Event: 0.455 Thread 0x00000200594371b0 DEOPT UNPACKING pc=0x0000020069eb8602 sp=0x00000010272fcdf0 mode 2
Event: 0.455 Thread 0x00000200594371b0 Uncommon trap: trap_request=0xffffffd6 fr.pc=0x000002006a530120 relative=0x00000000000006c0
Event: 0.455 Thread 0x00000200594371b0 Uncommon trap: reason=array_check action=maybe_recompile pc=0x000002006a530120 method=jdk.internal.classfile.impl.SplitConstantPool.internalAdd(Ljava/lang/classfile/constantpool/PoolEntry;I)Ljava/lang/classfile/constantpool/PoolEntry; @ 46 c2
Event: 0.455 Thread 0x00000200594371b0 DEOPT PACKING pc=0x000002006a530120 sp=0x00000010272fce20
Event: 0.455 Thread 0x00000200594371b0 DEOPT UNPACKING pc=0x0000020069eb8602 sp=0x00000010272fcdd0 mode 2
Event: 0.473 Thread 0x00000200594371b0 Uncommon trap: trap_request=0xffffff4d fr.pc=0x000002006a5355e8 relative=0x0000000000000068
Event: 0.473 Thread 0x00000200594371b0 Uncommon trap: reason=unstable_if action=reinterpret pc=0x000002006a5355e8 method=java.io.ByteArrayOutputStream.ensureCapacity(I)V @ 11 c2
Event: 0.473 Thread 0x00000200594371b0 DEOPT PACKING pc=0x000002006a5355e8 sp=0x00000010272fdca0
Event: 0.473 Thread 0x00000200594371b0 DEOPT UNPACKING pc=0x0000020069eb8602 sp=0x00000010272fdc20 mode 2

Classes loaded (20 events):
Event: 0.461 Loading class jdk/jfr/internal/MetadataWriter
Event: 0.462 Loading class jdk/jfr/internal/MetadataWriter done
Event: 0.462 Loading class jdk/jfr/internal/MetadataDescriptor$Element
Event: 0.462 Loading class jdk/jfr/internal/MetadataDescriptor$Element done
Event: 0.462 Loading class jdk/jfr/internal/MetadataDescriptor$Attribute
Event: 0.462 Loading class jdk/jfr/internal/MetadataDescriptor$Attribute done
Event: 0.469 Loading class jdk/jfr/internal/consumer/StringParser$Encoding
Event: 0.469 Loading class jdk/jfr/internal/consumer/StringParser$Encoding done
Event: 0.478 Loading class jdk/jfr/internal/consumer/RepositoryFiles
Event: 0.479 Loading class jdk/jfr/internal/consumer/RepositoryFiles done
Event: 0.480 Loading class jdk/jfr/internal/SettingsManager$InternalSetting
Event: 0.481 Loading class jdk/jfr/internal/SettingsManager$InternalSetting done
Event: 0.482 Loading class jdk/jfr/internal/util/Rate
Event: 0.482 Loading class jdk/jfr/internal/util/Rate done
Event: 0.482 Loading class jdk/jfr/internal/util/TimespanUnit
Event: 0.482 Loading class jdk/jfr/internal/util/TimespanUnit done
Event: 0.483 Loading class jdk/jfr/internal/util/ValueParser
Event: 0.483 Loading class jdk/jfr/internal/util/ValueParser done
Event: 0.484 Loading class jdk/jfr/internal/periodic/PeriodicType
Event: 0.484 Loading class jdk/jfr/internal/periodic/PeriodicType done

Classes unloaded (0 events):
No events

Classes redefined (0 events):
No events

Internal exceptions (18 events):
Event: 0.236 Thread 0x00000200594371b0 Exception <a 'java/lang/NoSuchMethodError'{0x0000000750046630}: 'void java.lang.invoke.DirectMethodHandle$Holder.invokeStatic(java.lang.Object, java.lang.Object, java.lang.Object)'> (0x0000000750046630) 
thrown [s\open\src\hotspot\share\interpreter\linkResolver.cpp, line 805]
Event: 0.241 Thread 0x00000200594371b0 Exception <a 'java/lang/NoSuchMethodError'{0x000000075007b1f0}: 'java.lang.Object java.lang.invoke.Invokers$Holder.invokeExact_MT(java.lang.Object, java.lang.Object, java.lang.Object, java.lang.Object, java.lang.Object)'> (0x000000075007b1f0) 
thrown [s\open\src\hotspot\share\interpreter\linkResolver.cpp, line 805]
Event: 0.247 Thread 0x00000200594371b0 Exception <a 'java/lang/NoSuchMethodError'{0x000000075008c358}: 'java.lang.Object java.lang.invoke.DirectMethodHandle$Holder.invokeStaticInit(java.lang.Object, java.lang.Object, java.lang.Object)'> (0x000000075008c358) 
thrown [s\open\src\hotspot\share\interpreter\linkResolver.cpp, line 805]
Event: 0.249 Thread 0x0000020041418f70 Exception <a 'java/lang/NoSuchMethodError'{0x00000007501f12d8}: 'java.lang.Object java.lang.invoke.DirectMethodHandle$Holder.invokeStaticInit(java.lang.Object)'> (0x00000007501f12d8) 
thrown [s\open\src\hotspot\share\interpreter\linkResolver.cpp, line 805]
Event: 0.252 Thread 0x0000020041418f70 Exception <a 'java/lang/NoSuchMethodError'{0x00000007501fbf08}: 'void java.lang.invoke.DirectMethodHandle$Holder.invokeStatic(java.lang.Object, java.lang.Object)'> (0x00000007501fbf08) 
thrown [s\open\src\hotspot\share\interpreter\linkResolver.cpp, line 805]
Event: 0.301 Thread 0x00000200594371b0 Exception <a 'java/lang/NoSuchMethodError'{0x000000074fc8bfa8}: 'void java.lang.invoke.DirectMethodHandle$Holder.invokeStaticInit(java.lang.Object)'> (0x000000074fc8bfa8) 
thrown [s\open\src\hotspot\share\interpreter\linkResolver.cpp, line 805]
Event: 0.312 Thread 0x00000200594371b0 Exception <a 'java/lang/NoSuchMethodError'{0x000000074fcfd7a8}: 'void java.lang.invoke.DirectMethodHandle$Holder.invokeSpecial(java.lang.Object, java.lang.Object, java.lang.Object)'> (0x000000074fcfd7a8) 
thrown [s\open\src\hotspot\share\interpreter\linkResolver.cpp, line 805]
Event: 0.322 Thread 0x00000200594371b0 Exception <a 'java/lang/NoSuchMethodError'{0x000000074fd64d88}: 'java.lang.Object java.lang.invoke.DirectMethodHandle$Holder.newInvokeSpecial(java.lang.Object, java.lang.Object, java.lang.Object, java.lang.Object, java.lang.Object)'> (0x000000074fd64d88) 
thrown [s\open\src\hotspot\share\interpreter\linkResolver.cpp, line 805]
Event: 0.354 Thread 0x00000200594371b0 Exception <a 'java/lang/NoSuchMethodError'{0x000000074fafc438}: 'long java.lang.invoke.DirectMethodHandle$Holder.invokeVirtual(java.lang.Object, java.lang.Object)'> (0x000000074fafc438) 
thrown [s\open\src\hotspot\share\interpreter\linkResolver.cpp, line 805]
Event: 0.398 Thread 0x00000200594371b0 Exception <a 'java/lang/NoSuchMethodError'{0x000000074f740368}: 'int java.lang.invoke.DirectMethodHandle$Holder.invokeSpecial(java.lang.Object, java.lang.Object, java.lang.Object)'> (0x000000074f740368) 
thrown [s\open\src\hotspot\share\interpreter\linkResolver.cpp, line 805]
Event: 0.445 Thread 0x00000200594371b0 Exception <a 'java/lang/NoSuchMethodError'{0x000000074f505c00}: 'void java.lang.invoke.DirectMethodHandle$Holder.invokeSpecial(java.lang.Object, java.lang.Object, int)'> (0x000000074f505c00) 
thrown [s\open\src\hotspot\share\interpreter\linkResolver.cpp, line 805]
Event: 0.445 Thread 0x00000200594371b0 Exception <a 'java/lang/NoSuchMethodError'{0x000000074f50d820}: 'void java.lang.invoke.Invokers$Holder.invokeExact_MT(java.lang.Object, int, java.lang.Object)'> (0x000000074f50d820) 
thrown [s\open\src\hotspot\share\interpreter\linkResolver.cpp, line 805]
Event: 0.447 Thread 0x00000200594371b0 Exception <a 'java/lang/NoSuchMethodError'{0x000000074f5280d0}: 'void java.lang.invoke.DirectMethodHandle$Holder.invokeStatic(java.lang.Object, java.lang.Object, int)'> (0x000000074f5280d0) 
thrown [s\open\src\hotspot\share\interpreter\linkResolver.cpp, line 805]
Event: 0.448 Thread 0x00000200594371b0 Exception <a 'java/lang/NoSuchMethodError'{0x000000074f5371c0}: 'java.lang.Object java.lang.invoke.DirectMethodHandle$Holder.newInvokeSpecial(java.lang.Object, java.lang.Object, int)'> (0x000000074f5371c0) 
thrown [s\open\src\hotspot\share\interpreter\linkResolver.cpp, line 805]
Event: 0.449 Thread 0x00000200470b3580 Exception <a 'java/lang/NoSuchMethodError'{0x000000074f5f0be0}: 'long java.lang.invoke.DirectMethodHandle$Holder.invokeSpecial(java.lang.Object, java.lang.Object)'> (0x000000074f5f0be0) 
thrown [s\open\src\hotspot\share\interpreter\linkResolver.cpp, line 805]
Event: 0.453 Thread 0x00000200594371b0 Exception <a 'sun/nio/fs/WindowsException'{0x000000074f56c2d0}> (0x000000074f56c2d0) 
thrown [s\open\src\hotspot\share\prims\jni.cpp, line 518]
Event: 0.455 Thread 0x00000200594371b0 Exception <a 'sun/nio/fs/WindowsException'{0x000000074f579188}> (0x000000074f579188) 
thrown [s\open\src\hotspot\share\prims\jni.cpp, line 518]
Event: 0.458 Thread 0x00000200594371b0 Exception <a 'sun/nio/fs/WindowsException'{0x000000074f58af50}> (0x000000074f58af50) 
thrown [s\open\src\hotspot\share\prims\jni.cpp, line 518]

VM Operations (6 events):
Event: 0.449 Executing VM operation: HandshakeAllThreads (Deoptimize)
Event: 0.449 Executing VM operation: HandshakeAllThreads (Deoptimize) done
Event: 0.451 Executing VM operation: HandshakeAllThreads (Deoptimize)
Event: 0.451 Executing VM operation: HandshakeAllThreads (Deoptimize) done
Event: 0.479 Executing VM operation: JFRSafepointClear
Event: 0.479 Executing VM operation: JFRSafepointClear done

Memory protections (0 events):
No events

Nmethod flushes (0 events):
No events

Events (20 events):
Event: 0.190 Thread 0x00000200594371b0 Thread added: 0x00000200594371b0
Event: 0.198 Thread 0x00000200594371b0 Thread added: 0x00000200595cf5d0
Event: 0.198 Thread 0x00000200594371b0 Thread added: 0x00000200595d3d20
Event: 0.198 Thread 0x00000200594371b0 Thread added: 0x00000200595d6840
Event: 0.199 Thread 0x00000200594371b0 Thread added: 0x00000200595d70b0
Event: 0.199 Thread 0x00000200594371b0 Thread added: 0x00000200595d8170
Event: 0.199 Thread 0x00000200594371b0 Thread added: 0x00000200595dc9f0
Event: 0.199 Thread 0x00000200594371b0 Thread added: 0x00000200595dd830
Event: 0.199 Thread 0x00000200594371b0 Thread added: 0x000002004110abd0
Event: 0.216 Thread 0x000002004110abd0 Thread added: 0x0000020041108600
Event: 0.216 Thread 0x000002004110abd0 Thread added: 0x0000020041109cb0
Event: 0.217 Thread 0x0000020041109cb0 Thread added: 0x000002004110a440
Event: 0.220 Thread 0x0000020041108600 Thread added: 0x000002004110b360
Event: 0.229 Thread 0x00000200594371b0 Thread added: 0x00000200413dcc80
Event: 0.243 Thread 0x00000200594371b0 Thread added: 0x0000020041418f70
Event: 0.286 Thread 0x0000020041108600 Thread added: 0x000002004144dbb0
Event: 0.299 Thread 0x00000200594371b0 Thread added: 0x00000200417db4b0
Event: 0.364 Thread 0x0000020041108600 Thread added: 0x000002004144cc90
Event: 0.364 Thread 0x000002004110a440 Thread added: 0x000002004144bd70
Event: 0.448 Thread 0x00000200594371b0 Thread added: 0x00000200470b3580


Dynamic libraries:
0x00007ff7d04f0000 - 0x00007ff7d04fe000 	C:\Users\L O Q\.jdks\openjdk-24.0.1\bin\java.exe
0x00007ff8d2360000 - 0x00007ff8d25c5000 	C:\WINDOWS\SYSTEM32\ntdll.dll
0x00007ff8d10d0000 - 0x00007ff8d1199000 	C:\WINDOWS\System32\KERNEL32.DLL
0x00007ff8cf4b0000 - 0x00007ff8cf898000 	C:\WINDOWS\System32\KERNELBASE.dll
0x00007ff8cf930000 - 0x00007ff8cfa7b000 	C:\WINDOWS\System32\ucrtbase.dll
0x00007ff8c5b60000 - 0x00007ff8c5b76000 	C:\Users\L O Q\.jdks\openjdk-24.0.1\bin\jli.dll
0x00007ff8c4c10000 - 0x00007ff8c4c2b000 	C:\Users\L O Q\.jdks\openjdk-24.0.1\bin\VCRUNTIME140.dll
0x00007ff8d2150000 - 0x00007ff8d231a000 	C:\WINDOWS\System32\USER32.dll
0x00007ff8cfd60000 - 0x00007ff8cfd87000 	C:\WINDOWS\System32\win32u.dll
0x00007ff8d0590000 - 0x00007ff8d05bb000 	C:\WINDOWS\System32\GDI32.dll
0x00007ff8b26e0000 - 0x00007ff8b297a000 	C:\WINDOWS\WinSxS\amd64_microsoft.windows.common-controls_6595b64144ccf1df_6.0.26100.4202_none_3e0698d4e335f517\COMCTL32.dll
0x00007ff8cff10000 - 0x00007ff8d0047000 	C:\WINDOWS\System32\gdi32full.dll
0x00007ff8d0050000 - 0x00007ff8d00f3000 	C:\WINDOWS\System32\msvcp_win.dll
0x00007ff8d1a20000 - 0x00007ff8d1ac9000 	C:\WINDOWS\System32\msvcrt.dll
0x00007ff8d0710000 - 0x00007ff8d0740000 	C:\WINDOWS\System32\IMM32.DLL
0x00007ff8c4c00000 - 0x00007ff8c4c0c000 	C:\Users\L O Q\.jdks\openjdk-24.0.1\bin\vcruntime140_1.dll
0x00007ff87d210000 - 0x00007ff87d29e000 	C:\Users\L O Q\.jdks\openjdk-24.0.1\bin\msvcp140.dll
0x00007ff878370000 - 0x00007ff879112000 	C:\Users\L O Q\.jdks\openjdk-24.0.1\bin\server\jvm.dll
0x00007ff8d0650000 - 0x00007ff8d0703000 	C:\WINDOWS\System32\ADVAPI32.dll
0x00007ff8d2020000 - 0x00007ff8d20c6000 	C:\WINDOWS\System32\sechost.dll
0x00007ff8d1e80000 - 0x00007ff8d1f95000 	C:\WINDOWS\System32\RPCRT4.dll
0x00007ff8d0f50000 - 0x00007ff8d0fc4000 	C:\WINDOWS\System32\WS2_32.dll
0x00007ff8ce0d0000 - 0x00007ff8ce12e000 	C:\WINDOWS\SYSTEM32\POWRPROF.dll
0x00007ff8c72b0000 - 0x00007ff8c72e5000 	C:\WINDOWS\SYSTEM32\WINMM.dll
0x00007ff8c4ae0000 - 0x00007ff8c4aeb000 	C:\WINDOWS\SYSTEM32\VERSION.dll
0x00007ff8ce0b0000 - 0x00007ff8ce0c4000 	C:\WINDOWS\SYSTEM32\UMPDC.dll
0x00007ff8ce2f0000 - 0x00007ff8ce30b000 	C:\WINDOWS\SYSTEM32\kernel.appcore.dll
0x00007ff8c4bc0000 - 0x00007ff8c4bca000 	C:\Users\L O Q\.jdks\openjdk-24.0.1\bin\jimage.dll
0x00007ff8ccc00000 - 0x00007ff8cce41000 	C:\WINDOWS\SYSTEM32\DBGHELP.DLL
0x00007ff8d1690000 - 0x00007ff8d1a15000 	C:\WINDOWS\System32\combase.dll
0x00007ff8d13e0000 - 0x00007ff8d14c1000 	C:\WINDOWS\System32\OLEAUT32.dll
0x00007ff8b2060000 - 0x00007ff8b2099000 	C:\WINDOWS\SYSTEM32\dbgcore.DLL
0x00007ff8cfcc0000 - 0x00007ff8cfd59000 	C:\WINDOWS\System32\bcryptPrimitives.dll
0x00007ff8b7f70000 - 0x00007ff8b7f7f000 	C:\Users\L O Q\.jdks\openjdk-24.0.1\bin\instrument.dll
0x00007ff8c4800000 - 0x00007ff8c481e000 	C:\Users\L O Q\.jdks\openjdk-24.0.1\bin\java.dll
0x00007ff8d1230000 - 0x00007ff8d13ce000 	C:\WINDOWS\System32\ole32.dll
0x00007ff8d07e0000 - 0x00007ff8d0f22000 	C:\WINDOWS\System32\SHELL32.dll
0x00007ff8cfd90000 - 0x00007ff8cff04000 	C:\WINDOWS\System32\wintypes.dll
0x00007ff878170000 - 0x00007ff878368000 	C:\Users\LOQ~1\AppData\Local\Temp\idea_libasyncProfiler_dll_temp_folder\libasyncProfiler.dll
0x00007ff8cd130000 - 0x00007ff8cd987000 	C:\WINDOWS\SYSTEM32\windows.storage.dll
0x00007ff8d1590000 - 0x00007ff8d1681000 	C:\WINDOWS\System32\SHCORE.dll
0x00007ff8d11c0000 - 0x00007ff8d122a000 	C:\WINDOWS\System32\shlwapi.dll
0x00007ff8cf3c0000 - 0x00007ff8cf3ef000 	C:\WINDOWS\SYSTEM32\profapi.dll
0x00007ff879c20000 - 0x00007ff879cf7000 	C:\Users\L O Q\.jdks\openjdk-24.0.1\bin\jsvml.dll
0x00007ff8925d0000 - 0x00007ff8925e7000 	C:\Users\L O Q\.jdks\openjdk-24.0.1\bin\zip.dll
0x00007ff8aa620000 - 0x00007ff8aa630000 	C:\Users\L O Q\.jdks\openjdk-24.0.1\bin\net.dll
0x00007ff8ce900000 - 0x00007ff8ce96a000 	C:\WINDOWS\system32\mswsock.dll
0x00007ff89cf30000 - 0x00007ff89cf46000 	C:\Users\L O Q\.jdks\openjdk-24.0.1\bin\nio.dll
0x00007ff89cfc0000 - 0x00007ff89cfc9000 	C:\Users\L O Q\.jdks\openjdk-24.0.1\bin\extnet.dll

JVMTI agents:
C:\Program Files\JetBrains\IntelliJ IDEA 2025.1.1.1\lib\idea_rt.jar path:C:\Users\L O Q\.jdks\openjdk-24.0.1\bin\instrument.dll, loaded, initialized, instrumentlib options:64968
C:\Users\LOQ~1\AppData\Local\Temp\idea_libasyncProfiler_dll_temp_folder\libasyncProfiler.dll path:C:\Users\LOQ~1\AppData\Local\Temp\idea_libasyncProfiler_dll_temp_folder\libasyncProfiler.dll, loaded, initialized, options:start,jfr,event=wall,interval=10ms,jfrsync=profile,cstack=no,file=C:\Users\L O Q\IdeaSnapshots\CinemaBookingApp_2025_06_07_232956.jfr,dbghelppath=C:\Users\LOQ~1\AppData\Local\Temp\idea_dbghelp_dll_temp_folder\dbghelp.dll,log=C:\Users\LOQ~1\AppData\Local\Temp\CinemaBookingApp_2025_06_07_232956.jfr.log.txt,logLevel=DEBUG

dbghelp: loaded successfully - version: 4.0.5 - missing functions: none
symbol engine: initialized successfully - sym options: 0x614 - pdb path: .;C:\Users\L O Q\.jdks\openjdk-24.0.1\bin;C:\WINDOWS\SYSTEM32;C:\WINDOWS\WinSxS\amd64_microsoft.windows.common-controls_6595b64144ccf1df_6.0.26100.4202_none_3e0698d4e335f517;C:\Users\L O Q\.jdks\openjdk-24.0.1\bin\server;C:\Users\LOQ~1\AppData\Local\Temp\idea_libasyncProfiler_dll_temp_folder

VM Arguments:
jvm_args: -javaagent:C:\Program Files\JetBrains\IntelliJ IDEA 2025.1.1.1\lib\idea_rt.jar=64968 -agentpath:C:\Users\LOQ~1\AppData\Local\Temp\idea_libasyncProfiler_dll_temp_folder\libasyncProfiler.dll=start,jfr,event=wall,interval=10ms,jfrsync=profile,cstack=no,file=C:\Users\L O Q\IdeaSnapshots\CinemaBookingApp_2025_06_07_232956.jfr,dbghelppath=C:\Users\LOQ~1\AppData\Local\Temp\idea_dbghelp_dll_temp_folder\dbghelp.dll,log=C:\Users\LOQ~1\AppData\Local\Temp\CinemaBookingApp_2025_06_07_232956.jfr.log.txt,logLevel=DEBUG -Dfile.encoding=UTF-8 -Dsun.stdout.encoding=UTF-8 -Dsun.stderr.encoding=UTF-8 
java_command: main.java.com.cinema.booking.CinemaBookingApp
java_class_path (initial): C:\Users\L O Q\IdeaProjects\cinemania-mantap\out\production\cinemania-mantap
Launcher Type: SUN_STANDARD

[Global flags]
     intx CICompilerCount                          = 12                                        {product} {ergonomic}
     uint ConcGCThreads                            = 4                                         {product} {ergonomic}
     bool FlightRecorder                           = true                                      {product} {management}
     uint G1ConcRefinementThreads                  = 15                                        {product} {ergonomic}
   size_t G1HeapRegionSize                         = 2097152                                   {product} {ergonomic}
   size_t InitialHeapSize                          = 197132288                                 {product} {ergonomic}
   size_t MarkStackSize                            = 4194304                                   {product} {ergonomic}
   size_t MarkStackSizeMax                         = 536870912                                 {product} {ergonomic}
   size_t MaxHeapSize                              = 3145728000                                {product} {ergonomic}
   size_t MaxNewSize                               = 1887436800                                {product} {ergonomic}
   size_t MinHeapDeltaBytes                        = 2097152                                   {product} {ergonomic}
   size_t MinHeapSize                              = 8388608                                   {product} {ergonomic}
    uintx NonNMethodCodeHeapSize                   = 7602176                                {pd product} {ergonomic}
    uintx NonProfiledCodeHeapSize                  = 122093568                              {pd product} {ergonomic}
    uintx ProfiledCodeHeapSize                     = 121962496                              {pd product} {ergonomic}
    uintx ReservedCodeCacheSize                    = 251658240                              {pd product} {ergonomic}
     bool SegmentedCodeCache                       = true                                      {product} {ergonomic}
   size_t SoftMaxHeapSize                          = 3145728000                             {manageable} {ergonomic}
     bool UseCompressedOops                        = true                           {product lp64_product} {ergonomic}
     bool UseG1GC                                  = true                                      {product} {ergonomic}
     bool UseLargePagesIndividualAllocation        = false                                  {pd product} {ergonomic}

Logging:
Log output configuration:
 #0: stdout all=warning uptime,level,tags foldmultilines=false
 #1: stderr all=off uptime,level,tags foldmultilines=false

Environment Variables:
JAVA_HOME=C:\Program Files\Eclipse Adoptium\jdk-17.0.14.7-hotspot\
PATH=D:\Apps\bin\;C:\Program Files\Eclipse Adoptium\jdk-17.0.14.7-hotspot\bin;C:\WINDOWS\system32;C:\WINDOWS;C:\WINDOWS\System32\Wbem;C:\WINDOWS\System32\WindowsPowerShell\v1.0\;C:\WINDOWS\System32\OpenSSH\;C:\Program Files (x86)\NVIDIA Corporation\PhysX\Common;C:\Program Files\NVIDIA Corporation\NVIDIA NvDLISR;C:\Program Files\Git\cmd;C:\Program Files\Go\bin;C:\Program Files\Docker\Docker\resources\bin;C:\Program Files\nodejs\;C:\Program Files\PowerShell\7\;C:\sqlite;C:\Users\L O Q\AppData\Local\Microsoft\WindowsApps;C:\Users\L O Q\AppData\Local\Programs\Microsoft VS Code\bin;C:\Users\L O Q\go\bin;C:\Users\L O Q\AppData\Roaming\npm;
USERNAME=L O Q
OS=Windows_NT
PROCESSOR_IDENTIFIER=Intel64 Family 6 Model 183 Stepping 1, GenuineIntel
TMP=C:\Users\LOQ~1\AppData\Local\Temp
TEMP=C:\Users\LOQ~1\AppData\Local\Temp




Periodic native trim disabled

---------------  S Y S T E M  ---------------

OS:
 Windows 11 , 64 bit Build 26100 (10.0.26100.4202)
OS uptime: 3 days 3:11 hours
Hyper-V role detected

CPU: total 20 (initial active 20) (10 cores per cpu, 2 threads per core) family 6 model 183 stepping 1 microcode 0x123, cx8, cmov, fxsr, ht, mmx, 3dnowpref, sse, sse2, sse3, ssse3, sse4.1, sse4.2, popcnt, lzcnt, tsc, tscinvbit, avx, avx2, aes, erms, clmul, bmi1, bmi2, adx, sha, fma, vzeroupper, clflush, clflushopt, clwb, hv, serialize, rdtscp, rdpid, fsrm, gfni, f16c, cet_ibt, cet_ss
Processor Information for processor 0
  Max Mhz: 2600, Current Mhz: 2600, Mhz Limit: 2600
Processor Information for processor 1
  Max Mhz: 2600, Current Mhz: 1496, Mhz Limit: 2600
Processor Information for processor 2
  Max Mhz: 2600, Current Mhz: 2600, Mhz Limit: 2600
Processor Information for processor 3
  Max Mhz: 2600, Current Mhz: 1496, Mhz Limit: 2600
Processor Information for processor 4
  Max Mhz: 2600, Current Mhz: 2600, Mhz Limit: 2600
Processor Information for processor 5
  Max Mhz: 2600, Current Mhz: 2600, Mhz Limit: 2600
Processor Information for processor 6
  Max Mhz: 2600, Current Mhz: 2600, Mhz Limit: 2600
Processor Information for processor 7
  Max Mhz: 2600, Current Mhz: 2600, Mhz Limit: 2600
Processor Information for processor 8
  Max Mhz: 2600, Current Mhz: 2600, Mhz Limit: 2600
Processor Information for processor 9
  Max Mhz: 2600, Current Mhz: 2600, Mhz Limit: 2600
Processor Information for processor 10
  Max Mhz: 2600, Current Mhz: 2600, Mhz Limit: 2600
Processor Information for processor 11
  Max Mhz: 2600, Current Mhz: 2600, Mhz Limit: 2600
Processor Information for processor 12
  Max Mhz: 2600, Current Mhz: 2600, Mhz Limit: 2600
Processor Information for processor 13
  Max Mhz: 2600, Current Mhz: 2600, Mhz Limit: 2600
Processor Information for processor 14
  Max Mhz: 2600, Current Mhz: 1505, Mhz Limit: 2600
Processor Information for processor 15
  Max Mhz: 2600, Current Mhz: 2600, Mhz Limit: 2600
Processor Information for processor 16
  Max Mhz: 2600, Current Mhz: 2600, Mhz Limit: 2600
Processor Information for processor 17
  Max Mhz: 2600, Current Mhz: 2600, Mhz Limit: 2600
Processor Information for processor 18
  Max Mhz: 2600, Current Mhz: 2600, Mhz Limit: 2600
Processor Information for processor 19
  Max Mhz: 2600, Current Mhz: 2600, Mhz Limit: 2600

Memory: 4k page, system-wide physical 11995M (2331M free)
TotalPageFile size 27355M (AvailPageFile size 9622M)
current process WorkingSet (physical memory assigned to process): 95M, peak: 95M
current process commit charge ("private bytes"): 351M, peak: 351M

vm_info: OpenJDK 64-Bit Server VM (24.0.1+9-30) for windows-amd64 JRE (24.0.1+9-30), built on 2025-03-05T07:23:45Z with MS VC++ 17.6 (VS2022)

END.
